[3.079s] Invoking command in '/home/hyeongyeon/manage_hub': PYTHONPATH=/home/hyeongyeon/manage_hub/build/manage_hub/prefix_override:/usr/lib/python3/dist-packages/colcon_core/task/python/colcon_distutils_commands:/home/hyeongyeon/manage_hub/install/manage_hub/lib/python3.10/site-packages:${PYTHONPATH} /usr/bin/python3 -W ignore:setup.py install is deprecated -W ignore:easy_install command is deprecated setup.py egg_info --egg-base build/manage_hub build --build-base /home/hyeongyeon/manage_hub/build/manage_hub/build install --record /home/hyeongyeon/manage_hub/build/manage_hub/install.log --single-version-externally-managed install_data
[4.627s] running egg_info
[4.630s] writing build/manage_hub/manage_hub.egg-info/PKG-INFO
[4.631s] writing dependency_links to build/manage_hub/manage_hub.egg-info/dependency_links.txt
[4.632s] writing entry points to build/manage_hub/manage_hub.egg-info/entry_points.txt
[4.632s] writing requirements to build/manage_hub/manage_hub.egg-info/requires.txt
[4.633s] writing top-level names to build/manage_hub/manage_hub.egg-info/top_level.txt
[4.640s] reading manifest file 'build/manage_hub/manage_hub.egg-info/SOURCES.txt'
[4.643s] writing manifest file 'build/manage_hub/manage_hub.egg-info/SOURCES.txt'
[4.644s] running build
[4.644s] running build_py
[4.645s] copying manage_hub/nodes/unload_node.py -> /home/hyeongyeon/manage_hub/build/manage_hub/build/lib/manage_hub/nodes
[4.645s] copying manage_hub/nodes/input_hub_node.py -> /home/hyeongyeon/manage_hub/build/manage_hub/build/lib/manage_hub/nodes
[4.648s] copying manage_hub/utils/robot_utils.py -> /home/hyeongyeon/manage_hub/build/manage_hub/build/lib/manage_hub/utils
[4.650s] running install
[4.652s] running install_lib
[4.654s] copying /home/hyeongyeon/manage_hub/build/manage_hub/build/lib/manage_hub/nodes/unload_node.py -> /home/hyeongyeon/manage_hub/install/manage_hub/lib/python3.10/site-packages/manage_hub/nodes
[4.654s] copying /home/hyeongyeon/manage_hub/build/manage_hub/build/lib/manage_hub/nodes/input_hub_node.py -> /home/hyeongyeon/manage_hub/install/manage_hub/lib/python3.10/site-packages/manage_hub/nodes
[4.655s] copying /home/hyeongyeon/manage_hub/build/manage_hub/build/lib/manage_hub/utils/robot_utils.py -> /home/hyeongyeon/manage_hub/install/manage_hub/lib/python3.10/site-packages/manage_hub/utils
[4.660s] byte-compiling /home/hyeongyeon/manage_hub/install/manage_hub/lib/python3.10/site-packages/manage_hub/nodes/unload_node.py to unload_node.cpython-310.pyc
[4.663s] byte-compiling /home/hyeongyeon/manage_hub/install/manage_hub/lib/python3.10/site-packages/manage_hub/nodes/input_hub_node.py to input_hub_node.cpython-310.pyc
[4.664s] byte-compiling /home/hyeongyeon/manage_hub/install/manage_hub/lib/python3.10/site-packages/manage_hub/utils/robot_utils.py to robot_utils.cpython-310.pyc
[4.666s] running install_data
[4.667s] running install_egg_info
[4.673s] removing '/home/hyeongyeon/manage_hub/install/manage_hub/lib/python3.10/site-packages/manage_hub-0.0.1-py3.10.egg-info' (and everything under it)
[4.675s] Copying build/manage_hub/manage_hub.egg-info to /home/hyeongyeon/manage_hub/install/manage_hub/lib/python3.10/site-packages/manage_hub-0.0.1-py3.10.egg-info
[4.679s] running install_scripts
[4.760s] Installing hub_node script to /home/hyeongyeon/manage_hub/install/manage_hub/lib/manage_hub
[4.764s] Installing unload_node script to /home/hyeongyeon/manage_hub/install/manage_hub/lib/manage_hub
[4.768s] writing list of installed files to '/home/hyeongyeon/manage_hub/build/manage_hub/install.log'
[4.835s] Invoked command in '/home/hyeongyeon/manage_hub' returned '0': PYTHONPATH=/home/hyeongyeon/manage_hub/build/manage_hub/prefix_override:/usr/lib/python3/dist-packages/colcon_core/task/python/colcon_distutils_commands:/home/hyeongyeon/manage_hub/install/manage_hub/lib/python3.10/site-packages:${PYTHONPATH} /usr/bin/python3 -W ignore:setup.py install is deprecated -W ignore:easy_install command is deprecated setup.py egg_info --egg-base build/manage_hub build --build-base /home/hyeongyeon/manage_hub/build/manage_hub/build install --record /home/hyeongyeon/manage_hub/build/manage_hub/install.log --single-version-externally-managed install_data
