[0.309s] DEBUG:colcon:Command line arguments: ['/usr/bin/colcon', 'build']
[0.309s] DEBUG:colcon:Parsed command line arguments: Namespace(log_base=None, log_level=None, verb_name='build', build_base='build', install_base='install', merge_install=False, symlink_install=False, test_result_base=None, continue_on_error=False, executor='parallel', parallel_workers=8, event_handlers=None, ignore_user_meta=False, metas=['./colcon.meta'], base_paths=['.'], packages_ignore=None, packages_ignore_regex=None, paths=None, packages_up_to=None, packages_up_to_regex=None, packages_above=None, packages_above_and_dependencies=None, packages_above_depth=None, packages_select_by_dep=None, packages_skip_by_dep=None, packages_skip_up_to=None, packages_select_build_failed=False, packages_skip_build_finished=False, packages_select_test_failures=False, packages_skip_test_passed=False, packages_select=None, packages_skip=None, packages_select_regex=None, packages_skip_regex=None, packages_start=None, packages_end=None, allow_overriding=[], cmake_args=None, cmake_target=None, cmake_target_skip_unavailable=False, cmake_clean_cache=False, cmake_clean_first=False, cmake_force_configure=False, ament_cmake_args=None, catkin_cmake_args=None, catkin_skip_building_tests=False, verb_parser=<colcon_defaults.argument_parser.defaults.DefaultArgumentsDecorator object at 0x79e9c7ed2b30>, verb_extension=<colcon_core.verb.build.BuildVerb object at 0x79e9c82d5d50>, main=<bound method BuildVerb.main of <colcon_core.verb.build.BuildVerb object at 0x79e9c82d5d50>>)
[0.775s] Level 1:colcon.colcon_core.package_discovery:discover_packages(colcon_meta) check parameters
[0.776s] Level 1:colcon.colcon_core.package_discovery:discover_packages(recursive) check parameters
[0.776s] Level 1:colcon.colcon_core.package_discovery:discover_packages(ignore) check parameters
[0.776s] Level 1:colcon.colcon_core.package_discovery:discover_packages(path) check parameters
[0.776s] Level 1:colcon.colcon_core.package_discovery:discover_packages(colcon_meta) discover
[0.776s] Level 1:colcon.colcon_core.package_discovery:discover_packages(recursive) discover
[0.776s] INFO:colcon.colcon_core.package_discovery:Crawling recursively for packages in '/home/hyeongyeon/manage_hub'
[0.776s] Level 1:colcon.colcon_core.package_identification:_identify(.) by extensions ['ignore', 'ignore_ament_install']
[0.776s] Level 1:colcon.colcon_core.package_identification:_identify(.) by extension 'ignore'
[0.777s] Level 1:colcon.colcon_core.package_identification:_identify(.) by extension 'ignore_ament_install'
[0.777s] Level 1:colcon.colcon_core.package_identification:_identify(.) by extensions ['colcon_pkg']
[0.777s] Level 1:colcon.colcon_core.package_identification:_identify(.) by extension 'colcon_pkg'
[0.777s] Level 1:colcon.colcon_core.package_identification:_identify(.) by extensions ['colcon_meta']
[0.777s] Level 1:colcon.colcon_core.package_identification:_identify(.) by extension 'colcon_meta'
[0.777s] Level 1:colcon.colcon_core.package_identification:_identify(.) by extensions ['ros']
[0.777s] Level 1:colcon.colcon_core.package_identification:_identify(.) by extension 'ros'
[0.803s] DEBUG:colcon.colcon_core.package_identification:Package '.' with type 'ros.ament_python' and name 'manage_hub'
[0.803s] Level 1:colcon.colcon_core.package_discovery:discover_packages(recursive) using defaults
[0.803s] Level 1:colcon.colcon_core.package_discovery:discover_packages(ignore) discover
[0.803s] Level 1:colcon.colcon_core.package_discovery:discover_packages(ignore) using defaults
[0.803s] Level 1:colcon.colcon_core.package_discovery:discover_packages(path) discover
[0.803s] Level 1:colcon.colcon_core.package_discovery:discover_packages(path) using defaults
[0.849s] Level 1:colcon.colcon_core.package_discovery:discover_packages(prefix_path) check parameters
[0.850s] Level 1:colcon.colcon_core.package_discovery:discover_packages(prefix_path) discover
[0.857s] DEBUG:colcon.colcon_installed_package_information.package_discovery:Found 2 installed packages in /home/hyeongyeon/manage_hub/install
[0.860s] DEBUG:colcon.colcon_installed_package_information.package_discovery:Found 49 installed packages in /home/hyeongyeon/ros2_ws/install
[0.863s] DEBUG:colcon.colcon_installed_package_information.package_discovery:Found 31 installed packages in /home/hyeongyeon/install
[0.864s] DEBUG:colcon.colcon_installed_package_information.package_discovery:Found 0 installed packages in /home/hyeongyeon/Downloads/InstallFile/install
[0.868s] DEBUG:colcon.colcon_installed_package_information.package_discovery:Found 363 installed packages in /opt/ros/humble
[0.873s] Level 1:colcon.colcon_core.package_discovery:discover_packages(prefix_path) using defaults
[0.975s] Level 5:colcon.colcon_core.verb:set package 'manage_hub' build argument 'cmake_args' from command line to 'None'
[0.976s] Level 5:colcon.colcon_core.verb:set package 'manage_hub' build argument 'cmake_target' from command line to 'None'
[0.976s] Level 5:colcon.colcon_core.verb:set package 'manage_hub' build argument 'cmake_target_skip_unavailable' from command line to 'False'
[0.976s] Level 5:colcon.colcon_core.verb:set package 'manage_hub' build argument 'cmake_clean_cache' from command line to 'False'
[0.976s] Level 5:colcon.colcon_core.verb:set package 'manage_hub' build argument 'cmake_clean_first' from command line to 'False'
[0.976s] Level 5:colcon.colcon_core.verb:set package 'manage_hub' build argument 'cmake_force_configure' from command line to 'False'
[0.976s] Level 5:colcon.colcon_core.verb:set package 'manage_hub' build argument 'ament_cmake_args' from command line to 'None'
[0.976s] Level 5:colcon.colcon_core.verb:set package 'manage_hub' build argument 'catkin_cmake_args' from command line to 'None'
[0.976s] Level 5:colcon.colcon_core.verb:set package 'manage_hub' build argument 'catkin_skip_building_tests' from command line to 'False'
[0.976s] DEBUG:colcon.colcon_core.verb:Building package 'manage_hub' with the following arguments: {'ament_cmake_args': None, 'build_base': '/home/hyeongyeon/manage_hub/build/manage_hub', 'catkin_cmake_args': None, 'catkin_skip_building_tests': False, 'cmake_args': None, 'cmake_clean_cache': False, 'cmake_clean_first': False, 'cmake_force_configure': False, 'cmake_target': None, 'cmake_target_skip_unavailable': False, 'install_base': '/home/hyeongyeon/manage_hub/install/manage_hub', 'merge_install': False, 'path': '/home/hyeongyeon/manage_hub', 'symlink_install': False, 'test_result_base': None}
[0.976s] INFO:colcon.colcon_core.executor:Executing jobs using 'parallel' executor
[0.978s] DEBUG:colcon.colcon_parallel_executor.executor.parallel:run_until_complete
[0.978s] INFO:colcon.colcon_ros.task.ament_python.build:Building ROS package in '/home/hyeongyeon/manage_hub' with build type 'ament_python'
[0.979s] Level 1:colcon.colcon_core.shell:create_environment_hook('manage_hub', 'ament_prefix_path')
[0.984s] INFO:colcon.colcon_core.plugin_system:Skipping extension 'colcon_core.shell.bat': Not used on non-Windows systems
[0.984s] INFO:colcon.colcon_core.shell:Creating environment hook '/home/hyeongyeon/manage_hub/install/manage_hub/share/manage_hub/hook/ament_prefix_path.ps1'
[0.986s] INFO:colcon.colcon_core.shell:Creating environment descriptor '/home/hyeongyeon/manage_hub/install/manage_hub/share/manage_hub/hook/ament_prefix_path.dsv'
[0.986s] INFO:colcon.colcon_core.shell:Creating environment hook '/home/hyeongyeon/manage_hub/install/manage_hub/share/manage_hub/hook/ament_prefix_path.sh'
[0.988s] INFO:colcon.colcon_core.shell:Skip shell extension 'powershell' for command environment: Not usable outside of PowerShell
[0.988s] DEBUG:colcon.colcon_core.shell:Skip shell extension 'dsv' for command environment
[1.719s] INFO:colcon.colcon_core.task.python.build:Building Python package in '/home/hyeongyeon/manage_hub'
[1.719s] INFO:colcon.colcon_core.shell:Skip shell extension 'powershell' for command environment: Not usable outside of PowerShell
[1.719s] DEBUG:colcon.colcon_core.shell:Skip shell extension 'dsv' for command environment
[2.631s] DEBUG:colcon.colcon_core.event_handler.log_command:Invoking command in '/home/hyeongyeon/manage_hub': PYTHONPATH=/home/hyeongyeon/manage_hub/build/manage_hub/prefix_override:/usr/lib/python3/dist-packages/colcon_core/task/python/colcon_distutils_commands:/home/hyeongyeon/manage_hub/install/manage_hub/lib/python3.10/site-packages:${PYTHONPATH} /usr/bin/python3 -W ignore:setup.py install is deprecated -W ignore:easy_install command is deprecated setup.py egg_info --egg-base build/manage_hub build --build-base /home/hyeongyeon/manage_hub/build/manage_hub/build install --record /home/hyeongyeon/manage_hub/build/manage_hub/install.log --single-version-externally-managed install_data
[3.416s] DEBUG:colcon.colcon_core.event_handler.log_command:Invoked command in '/home/hyeongyeon/manage_hub' returned '0': PYTHONPATH=/home/hyeongyeon/manage_hub/build/manage_hub/prefix_override:/usr/lib/python3/dist-packages/colcon_core/task/python/colcon_distutils_commands:/home/hyeongyeon/manage_hub/install/manage_hub/lib/python3.10/site-packages:${PYTHONPATH} /usr/bin/python3 -W ignore:setup.py install is deprecated -W ignore:easy_install command is deprecated setup.py egg_info --egg-base build/manage_hub build --build-base /home/hyeongyeon/manage_hub/build/manage_hub/build install --record /home/hyeongyeon/manage_hub/build/manage_hub/install.log --single-version-externally-managed install_data
[3.419s] Level 1:colcon.colcon_core.environment:checking '/home/hyeongyeon/manage_hub/install/manage_hub' for CMake module files
[3.420s] Level 1:colcon.colcon_core.environment:checking '/home/hyeongyeon/manage_hub/install/manage_hub' for CMake config files
[3.421s] Level 1:colcon.colcon_core.environment:checking '/home/hyeongyeon/manage_hub/install/manage_hub/lib'
[3.421s] Level 1:colcon.colcon_core.environment:checking '/home/hyeongyeon/manage_hub/install/manage_hub/bin'
[3.422s] Level 1:colcon.colcon_core.environment:checking '/home/hyeongyeon/manage_hub/install/manage_hub/lib/pkgconfig/manage_hub.pc'
[3.422s] Level 1:colcon.colcon_core.environment:checking '/home/hyeongyeon/manage_hub/install/manage_hub/lib/python3.10/site-packages'
[3.422s] Level 1:colcon.colcon_core.shell:create_environment_hook('manage_hub', 'pythonpath')
[3.422s] INFO:colcon.colcon_core.shell:Creating environment hook '/home/hyeongyeon/manage_hub/install/manage_hub/share/manage_hub/hook/pythonpath.ps1'
[3.423s] INFO:colcon.colcon_core.shell:Creating environment descriptor '/home/hyeongyeon/manage_hub/install/manage_hub/share/manage_hub/hook/pythonpath.dsv'
[3.424s] INFO:colcon.colcon_core.shell:Creating environment hook '/home/hyeongyeon/manage_hub/install/manage_hub/share/manage_hub/hook/pythonpath.sh'
[3.425s] Level 1:colcon.colcon_core.environment:checking '/home/hyeongyeon/manage_hub/install/manage_hub/bin'
[3.425s] Level 1:colcon.colcon_core.environment:create_environment_scripts_only(manage_hub)
[3.425s] INFO:colcon.colcon_core.shell:Creating package script '/home/hyeongyeon/manage_hub/install/manage_hub/share/manage_hub/package.ps1'
[3.427s] INFO:colcon.colcon_core.shell:Creating package descriptor '/home/hyeongyeon/manage_hub/install/manage_hub/share/manage_hub/package.dsv'
[3.428s] INFO:colcon.colcon_core.shell:Creating package script '/home/hyeongyeon/manage_hub/install/manage_hub/share/manage_hub/package.sh'
[3.429s] INFO:colcon.colcon_core.shell:Creating package script '/home/hyeongyeon/manage_hub/install/manage_hub/share/manage_hub/package.bash'
[3.431s] INFO:colcon.colcon_core.shell:Creating package script '/home/hyeongyeon/manage_hub/install/manage_hub/share/manage_hub/package.zsh'
[3.432s] Level 1:colcon.colcon_core.environment:create_file_with_runtime_dependencies(/home/hyeongyeon/manage_hub/install/manage_hub/share/colcon-core/packages/manage_hub)
[3.432s] DEBUG:colcon.colcon_parallel_executor.executor.parallel:closing loop
[3.433s] DEBUG:colcon.colcon_parallel_executor.executor.parallel:loop closed
[3.433s] DEBUG:colcon.colcon_parallel_executor.executor.parallel:run_until_complete finished with '0'
[3.433s] DEBUG:colcon.colcon_core.event_reactor:joining thread
[3.444s] INFO:colcon.colcon_core.plugin_system:Skipping extension 'colcon_notification.desktop_notification.terminal_notifier': Not used on non-Darwin systems
[3.445s] INFO:colcon.colcon_core.plugin_system:Skipping extension 'colcon_notification.desktop_notification.win32': Not used on non-Windows systems
[3.445s] INFO:colcon.colcon_notification.desktop_notification:Sending desktop notification using 'notify2'
[3.469s] DEBUG:colcon.colcon_core.event_reactor:joined thread
[3.469s] INFO:colcon.colcon_core.shell:Creating prefix script '/home/hyeongyeon/manage_hub/install/local_setup.ps1'
[3.471s] INFO:colcon.colcon_core.shell:Creating prefix util module '/home/hyeongyeon/manage_hub/install/_local_setup_util_ps1.py'
[3.480s] INFO:colcon.colcon_core.shell:Creating prefix chain script '/home/hyeongyeon/manage_hub/install/setup.ps1'
[3.495s] INFO:colcon.colcon_core.shell:Creating prefix script '/home/hyeongyeon/manage_hub/install/local_setup.sh'
[3.497s] INFO:colcon.colcon_core.shell:Creating prefix util module '/home/hyeongyeon/manage_hub/install/_local_setup_util_sh.py'
[3.499s] INFO:colcon.colcon_core.shell:Creating prefix chain script '/home/hyeongyeon/manage_hub/install/setup.sh'
[3.507s] INFO:colcon.colcon_core.shell:Creating prefix script '/home/hyeongyeon/manage_hub/install/local_setup.bash'
[3.508s] INFO:colcon.colcon_core.shell:Creating prefix chain script '/home/hyeongyeon/manage_hub/install/setup.bash'
[3.515s] INFO:colcon.colcon_core.shell:Creating prefix script '/home/hyeongyeon/manage_hub/install/local_setup.zsh'
[3.516s] INFO:colcon.colcon_core.shell:Creating prefix chain script '/home/hyeongyeon/manage_hub/install/setup.zsh'
