[0.684s] Invoking command in '/home/hyeongyeon/input_hub': PYTHONPATH=/home/hyeongyeon/input_hub/build/input_hub/prefix_override:/usr/lib/python3/dist-packages/colcon_core/task/python/colcon_distutils_commands:/home/hyeongyeon/input_hub/install/input_hub/lib/python3.10/site-packages:${PYTHONPATH} /usr/bin/python3 -W ignore:setup.py install is deprecated -W ignore:easy_install command is deprecated setup.py egg_info --egg-base build/input_hub build --build-base /home/hyeongyeon/input_hub/build/input_hub/build install --record /home/hyeongyeon/input_hub/build/input_hub/install.log --single-version-externally-managed install_data
[0.943s] running egg_info
[0.944s] writing build/input_hub/input_hub.egg-info/PKG-INFO
[0.944s] writing dependency_links to build/input_hub/input_hub.egg-info/dependency_links.txt
[0.944s] writing entry points to build/input_hub/input_hub.egg-info/entry_points.txt
[0.944s] writing requirements to build/input_hub/input_hub.egg-info/requires.txt
[0.944s] writing top-level names to build/input_hub/input_hub.egg-info/top_level.txt
[0.946s] reading manifest file 'build/input_hub/input_hub.egg-info/SOURCES.txt'
[0.946s] writing manifest file 'build/input_hub/input_hub.egg-info/SOURCES.txt'
[0.946s] running build
[0.947s] running build_py
[0.947s] running install
[0.947s] running install_lib
[0.948s] running install_data
[0.948s] running install_egg_info
[0.950s] removing '/home/hyeongyeon/input_hub/install/input_hub/lib/python3.10/site-packages/input_hub-0.0.0-py3.10.egg-info' (and everything under it)
[0.950s] Copying build/input_hub/input_hub.egg-info to /home/hyeongyeon/input_hub/install/input_hub/lib/python3.10/site-packages/input_hub-0.0.0-py3.10.egg-info
[0.951s] running install_scripts
[0.971s] Installing input_hub_node script to /home/hyeongyeon/input_hub/install/input_hub/lib/input_hub
[0.971s] writing list of installed files to '/home/hyeongyeon/input_hub/build/input_hub/install.log'
[0.993s] Invoked command in '/home/hyeongyeon/input_hub' returned '0': PYTHONPATH=/home/hyeongyeon/input_hub/build/input_hub/prefix_override:/usr/lib/python3/dist-packages/colcon_core/task/python/colcon_distutils_commands:/home/hyeongyeon/input_hub/install/input_hub/lib/python3.10/site-packages:${PYTHONPATH} /usr/bin/python3 -W ignore:setup.py install is deprecated -W ignore:easy_install command is deprecated setup.py egg_info --egg-base build/input_hub build --build-base /home/hyeongyeon/input_hub/build/input_hub/build install --record /home/hyeongyeon/input_hub/build/input_hub/install.log --single-version-externally-managed install_data
