[0.679s] Invoking command in '/home/hyeongyeon/input_hub': PYTHONPATH=/home/hyeongyeon/input_hub/build/input_hub/prefix_override:/usr/lib/python3/dist-packages/colcon_core/task/python/colcon_distutils_commands:/home/hyeongyeon/input_hub/install/input_hub/lib/python3.10/site-packages:${PYTHONPATH} /usr/bin/python3 -W ignore:setup.py install is deprecated -W ignore:easy_install command is deprecated setup.py egg_info --egg-base build/input_hub build --build-base /home/hyeongyeon/input_hub/build/input_hub/build install --record /home/hyeongyeon/input_hub/build/input_hub/install.log --single-version-externally-managed install_data
[0.960s] running egg_info
[0.960s] creating build/input_hub/input_hub.egg-info
[0.960s] writing build/input_hub/input_hub.egg-info/PKG-INFO
[0.960s] writing dependency_links to build/input_hub/input_hub.egg-info/dependency_links.txt
[0.960s] writing entry points to build/input_hub/input_hub.egg-info/entry_points.txt
[0.960s] writing requirements to build/input_hub/input_hub.egg-info/requires.txt
[0.960s] writing top-level names to build/input_hub/input_hub.egg-info/top_level.txt
[0.960s] writing manifest file 'build/input_hub/input_hub.egg-info/SOURCES.txt'
[0.962s] reading manifest file 'build/input_hub/input_hub.egg-info/SOURCES.txt'
[0.962s] writing manifest file 'build/input_hub/input_hub.egg-info/SOURCES.txt'
[0.963s] running build
[0.963s] running build_py
[0.963s] creating /home/hyeongyeon/input_hub/build/input_hub/build
[0.963s] creating /home/hyeongyeon/input_hub/build/input_hub/build/lib
[0.963s] creating /home/hyeongyeon/input_hub/build/input_hub/build/lib/input_hub
[0.963s] copying input_hub/con_to_hub.py -> /home/hyeongyeon/input_hub/build/input_hub/build/lib/input_hub
[0.963s] copying input_hub/__init__.py -> /home/hyeongyeon/input_hub/build/input_hub/build/lib/input_hub
[0.963s] copying input_hub/setup.py -> /home/hyeongyeon/input_hub/build/input_hub/build/lib/input_hub
[0.963s] running install
[0.963s] running install_lib
[0.964s] creating /home/hyeongyeon/input_hub/install/input_hub/lib/python3.10/site-packages/input_hub
[0.964s] copying /home/hyeongyeon/input_hub/build/input_hub/build/lib/input_hub/con_to_hub.py -> /home/hyeongyeon/input_hub/install/input_hub/lib/python3.10/site-packages/input_hub
[0.964s] copying /home/hyeongyeon/input_hub/build/input_hub/build/lib/input_hub/__init__.py -> /home/hyeongyeon/input_hub/install/input_hub/lib/python3.10/site-packages/input_hub
[0.964s] copying /home/hyeongyeon/input_hub/build/input_hub/build/lib/input_hub/setup.py -> /home/hyeongyeon/input_hub/install/input_hub/lib/python3.10/site-packages/input_hub
[0.965s] byte-compiling /home/hyeongyeon/input_hub/install/input_hub/lib/python3.10/site-packages/input_hub/con_to_hub.py to con_to_hub.cpython-310.pyc
[0.966s] byte-compiling /home/hyeongyeon/input_hub/install/input_hub/lib/python3.10/site-packages/input_hub/__init__.py to __init__.cpython-310.pyc
[0.966s] byte-compiling /home/hyeongyeon/input_hub/install/input_hub/lib/python3.10/site-packages/input_hub/setup.py to setup.cpython-310.pyc
[0.966s] running install_data
[0.966s] creating /home/hyeongyeon/input_hub/install/input_hub/share/ament_index
[0.966s] creating /home/hyeongyeon/input_hub/install/input_hub/share/ament_index/resource_index
[0.966s] creating /home/hyeongyeon/input_hub/install/input_hub/share/ament_index/resource_index/packages
[0.966s] copying resource/input_hub -> /home/hyeongyeon/input_hub/install/input_hub/share/ament_index/resource_index/packages
[0.966s] copying package.xml -> /home/hyeongyeon/input_hub/install/input_hub/share/input_hub
[0.966s] running install_egg_info
[0.968s] Copying build/input_hub/input_hub.egg-info to /home/hyeongyeon/input_hub/install/input_hub/lib/python3.10/site-packages/input_hub-0.0.0-py3.10.egg-info
[0.968s] running install_scripts
[0.988s] Installing input_hub_node script to /home/hyeongyeon/input_hub/install/input_hub/lib/input_hub
[0.988s] writing list of installed files to '/home/hyeongyeon/input_hub/build/input_hub/install.log'
[1.008s] Invoked command in '/home/hyeongyeon/input_hub' returned '0': PYTHONPATH=/home/hyeongyeon/input_hub/build/input_hub/prefix_override:/usr/lib/python3/dist-packages/colcon_core/task/python/colcon_distutils_commands:/home/hyeongyeon/input_hub/install/input_hub/lib/python3.10/site-packages:${PYTHONPATH} /usr/bin/python3 -W ignore:setup.py install is deprecated -W ignore:easy_install command is deprecated setup.py egg_info --egg-base build/input_hub build --build-base /home/hyeongyeon/input_hub/build/input_hub/build install --record /home/hyeongyeon/input_hub/build/input_hub/install.log --single-version-externally-managed install_data
