[0.629s] DEBUG:colcon:Command line arguments: ['/usr/bin/colcon', 'build']
[0.629s] DEBUG:colcon:Parsed command line arguments: Namespace(log_base=None, log_level=None, verb_name='build', build_base='build', install_base='install', merge_install=False, symlink_install=False, test_result_base=None, continue_on_error=False, executor='parallel', parallel_workers=8, event_handlers=None, ignore_user_meta=False, metas=['./colcon.meta'], base_paths=['.'], packages_ignore=None, packages_ignore_regex=None, paths=None, packages_up_to=None, packages_up_to_regex=None, packages_above=None, packages_above_and_dependencies=None, packages_above_depth=None, packages_select_by_dep=None, packages_skip_by_dep=None, packages_skip_up_to=None, packages_select_build_failed=False, packages_skip_build_finished=False, packages_select_test_failures=False, packages_skip_test_passed=False, packages_select=None, packages_skip=None, packages_select_regex=None, packages_skip_regex=None, packages_start=None, packages_end=None, allow_overriding=[], cmake_args=None, cmake_target=None, cmake_target_skip_unavailable=False, cmake_clean_cache=False, cmake_clean_first=False, cmake_force_configure=False, ament_cmake_args=None, catkin_cmake_args=None, catkin_skip_building_tests=False, verb_parser=<colcon_defaults.argument_parser.defaults.DefaultArgumentsDecorator object at 0x79ee790f6b00>, verb_extension=<colcon_core.verb.build.BuildVerb object at 0x79ee792c5d50>, main=<bound method BuildVerb.main of <colcon_core.verb.build.BuildVerb object at 0x79ee792c5d50>>)
[1.465s] Level 1:colcon.colcon_core.package_discovery:discover_packages(colcon_meta) check parameters
[1.466s] Level 1:colcon.colcon_core.package_discovery:discover_packages(recursive) check parameters
[1.466s] Level 1:colcon.colcon_core.package_discovery:discover_packages(ignore) check parameters
[1.466s] Level 1:colcon.colcon_core.package_discovery:discover_packages(path) check parameters
[1.466s] Level 1:colcon.colcon_core.package_discovery:discover_packages(colcon_meta) discover
[1.466s] Level 1:colcon.colcon_core.package_discovery:discover_packages(recursive) discover
[1.466s] INFO:colcon.colcon_core.package_discovery:Crawling recursively for packages in '/home/hyeongyeon/manage_hub'
[1.466s] Level 1:colcon.colcon_core.package_identification:_identify(.) by extensions ['ignore', 'ignore_ament_install']
[1.467s] Level 1:colcon.colcon_core.package_identification:_identify(.) by extension 'ignore'
[1.467s] Level 1:colcon.colcon_core.package_identification:_identify(.) by extension 'ignore_ament_install'
[1.467s] Level 1:colcon.colcon_core.package_identification:_identify(.) by extensions ['colcon_pkg']
[1.467s] Level 1:colcon.colcon_core.package_identification:_identify(.) by extension 'colcon_pkg'
[1.467s] Level 1:colcon.colcon_core.package_identification:_identify(.) by extensions ['colcon_meta']
[1.467s] Level 1:colcon.colcon_core.package_identification:_identify(.) by extension 'colcon_meta'
[1.467s] Level 1:colcon.colcon_core.package_identification:_identify(.) by extensions ['ros']
[1.467s] Level 1:colcon.colcon_core.package_identification:_identify(.) by extension 'ros'
[1.535s] DEBUG:colcon.colcon_core.package_identification:Package '.' with type 'ros.ament_python' and name 'manage_hub'
[1.535s] Level 1:colcon.colcon_core.package_discovery:discover_packages(recursive) using defaults
[1.535s] Level 1:colcon.colcon_core.package_discovery:discover_packages(ignore) discover
[1.535s] Level 1:colcon.colcon_core.package_discovery:discover_packages(ignore) using defaults
[1.535s] Level 1:colcon.colcon_core.package_discovery:discover_packages(path) discover
[1.535s] Level 1:colcon.colcon_core.package_discovery:discover_packages(path) using defaults
[1.610s] Level 1:colcon.colcon_core.package_discovery:discover_packages(prefix_path) check parameters
[1.610s] Level 1:colcon.colcon_core.package_discovery:discover_packages(prefix_path) discover
[1.622s] DEBUG:colcon.colcon_installed_package_information.package_discovery:Found 2 installed packages in /home/hyeongyeon/manage_hub/install
[1.627s] DEBUG:colcon.colcon_installed_package_information.package_discovery:Found 49 installed packages in /home/hyeongyeon/ros2_ws/install
[1.632s] DEBUG:colcon.colcon_installed_package_information.package_discovery:Found 31 installed packages in /home/hyeongyeon/install
[1.635s] DEBUG:colcon.colcon_installed_package_information.package_discovery:Found 0 installed packages in /home/hyeongyeon/Downloads/InstallFile/install
[1.640s] DEBUG:colcon.colcon_installed_package_information.package_discovery:Found 363 installed packages in /opt/ros/humble
[1.648s] Level 1:colcon.colcon_core.package_discovery:discover_packages(prefix_path) using defaults
[1.842s] Level 5:colcon.colcon_core.verb:set package 'manage_hub' build argument 'cmake_args' from command line to 'None'
[1.843s] Level 5:colcon.colcon_core.verb:set package 'manage_hub' build argument 'cmake_target' from command line to 'None'
[1.843s] Level 5:colcon.colcon_core.verb:set package 'manage_hub' build argument 'cmake_target_skip_unavailable' from command line to 'False'
[1.843s] Level 5:colcon.colcon_core.verb:set package 'manage_hub' build argument 'cmake_clean_cache' from command line to 'False'
[1.843s] Level 5:colcon.colcon_core.verb:set package 'manage_hub' build argument 'cmake_clean_first' from command line to 'False'
[1.843s] Level 5:colcon.colcon_core.verb:set package 'manage_hub' build argument 'cmake_force_configure' from command line to 'False'
[1.843s] Level 5:colcon.colcon_core.verb:set package 'manage_hub' build argument 'ament_cmake_args' from command line to 'None'
[1.843s] Level 5:colcon.colcon_core.verb:set package 'manage_hub' build argument 'catkin_cmake_args' from command line to 'None'
[1.843s] Level 5:colcon.colcon_core.verb:set package 'manage_hub' build argument 'catkin_skip_building_tests' from command line to 'False'
[1.843s] DEBUG:colcon.colcon_core.verb:Building package 'manage_hub' with the following arguments: {'ament_cmake_args': None, 'build_base': '/home/hyeongyeon/manage_hub/build/manage_hub', 'catkin_cmake_args': None, 'catkin_skip_building_tests': False, 'cmake_args': None, 'cmake_clean_cache': False, 'cmake_clean_first': False, 'cmake_force_configure': False, 'cmake_target': None, 'cmake_target_skip_unavailable': False, 'install_base': '/home/hyeongyeon/manage_hub/install/manage_hub', 'merge_install': False, 'path': '/home/hyeongyeon/manage_hub', 'symlink_install': False, 'test_result_base': None}
[1.844s] INFO:colcon.colcon_core.executor:Executing jobs using 'parallel' executor
[1.846s] DEBUG:colcon.colcon_parallel_executor.executor.parallel:run_until_complete
[1.848s] INFO:colcon.colcon_ros.task.ament_python.build:Building ROS package in '/home/hyeongyeon/manage_hub' with build type 'ament_python'
[1.849s] Level 1:colcon.colcon_core.shell:create_environment_hook('manage_hub', 'ament_prefix_path')
[1.867s] INFO:colcon.colcon_core.plugin_system:Skipping extension 'colcon_core.shell.bat': Not used on non-Windows systems
[1.867s] INFO:colcon.colcon_core.shell:Creating environment hook '/home/hyeongyeon/manage_hub/install/manage_hub/share/manage_hub/hook/ament_prefix_path.ps1'
[1.869s] INFO:colcon.colcon_core.shell:Creating environment descriptor '/home/hyeongyeon/manage_hub/install/manage_hub/share/manage_hub/hook/ament_prefix_path.dsv'
[1.870s] INFO:colcon.colcon_core.shell:Creating environment hook '/home/hyeongyeon/manage_hub/install/manage_hub/share/manage_hub/hook/ament_prefix_path.sh'
[1.872s] INFO:colcon.colcon_core.shell:Skip shell extension 'powershell' for command environment: Not usable outside of PowerShell
[1.872s] DEBUG:colcon.colcon_core.shell:Skip shell extension 'dsv' for command environment
[3.117s] INFO:colcon.colcon_core.task.python.build:Building Python package in '/home/hyeongyeon/manage_hub'
[3.118s] INFO:colcon.colcon_core.shell:Skip shell extension 'powershell' for command environment: Not usable outside of PowerShell
[3.118s] DEBUG:colcon.colcon_core.shell:Skip shell extension 'dsv' for command environment
[4.931s] DEBUG:colcon.colcon_core.event_handler.log_command:Invoking command in '/home/hyeongyeon/manage_hub': PYTHONPATH=/home/hyeongyeon/manage_hub/build/manage_hub/prefix_override:/usr/lib/python3/dist-packages/colcon_core/task/python/colcon_distutils_commands:/home/hyeongyeon/manage_hub/install/manage_hub/lib/python3.10/site-packages:${PYTHONPATH} /usr/bin/python3 -W ignore:setup.py install is deprecated -W ignore:easy_install command is deprecated setup.py egg_info --egg-base build/manage_hub build --build-base /home/hyeongyeon/manage_hub/build/manage_hub/build install --record /home/hyeongyeon/manage_hub/build/manage_hub/install.log --single-version-externally-managed install_data
[6.684s] DEBUG:colcon.colcon_core.event_handler.log_command:Invoked command in '/home/hyeongyeon/manage_hub' returned '0': PYTHONPATH=/home/hyeongyeon/manage_hub/build/manage_hub/prefix_override:/usr/lib/python3/dist-packages/colcon_core/task/python/colcon_distutils_commands:/home/hyeongyeon/manage_hub/install/manage_hub/lib/python3.10/site-packages:${PYTHONPATH} /usr/bin/python3 -W ignore:setup.py install is deprecated -W ignore:easy_install command is deprecated setup.py egg_info --egg-base build/manage_hub build --build-base /home/hyeongyeon/manage_hub/build/manage_hub/build install --record /home/hyeongyeon/manage_hub/build/manage_hub/install.log --single-version-externally-managed install_data
[6.691s] Level 1:colcon.colcon_core.environment:checking '/home/hyeongyeon/manage_hub/install/manage_hub' for CMake module files
[6.692s] Level 1:colcon.colcon_core.environment:checking '/home/hyeongyeon/manage_hub/install/manage_hub' for CMake config files
[6.694s] Level 1:colcon.colcon_core.environment:checking '/home/hyeongyeon/manage_hub/install/manage_hub/lib'
[6.695s] Level 1:colcon.colcon_core.environment:checking '/home/hyeongyeon/manage_hub/install/manage_hub/bin'
[6.695s] Level 1:colcon.colcon_core.environment:checking '/home/hyeongyeon/manage_hub/install/manage_hub/lib/pkgconfig/manage_hub.pc'
[6.696s] Level 1:colcon.colcon_core.environment:checking '/home/hyeongyeon/manage_hub/install/manage_hub/lib/python3.10/site-packages'
[6.696s] Level 1:colcon.colcon_core.shell:create_environment_hook('manage_hub', 'pythonpath')
[6.696s] INFO:colcon.colcon_core.shell:Creating environment hook '/home/hyeongyeon/manage_hub/install/manage_hub/share/manage_hub/hook/pythonpath.ps1'
[6.698s] INFO:colcon.colcon_core.shell:Creating environment descriptor '/home/hyeongyeon/manage_hub/install/manage_hub/share/manage_hub/hook/pythonpath.dsv'
[6.699s] INFO:colcon.colcon_core.shell:Creating environment hook '/home/hyeongyeon/manage_hub/install/manage_hub/share/manage_hub/hook/pythonpath.sh'
[6.701s] Level 1:colcon.colcon_core.environment:checking '/home/hyeongyeon/manage_hub/install/manage_hub/bin'
[6.701s] Level 1:colcon.colcon_core.environment:create_environment_scripts_only(manage_hub)
[6.702s] INFO:colcon.colcon_core.shell:Creating package script '/home/hyeongyeon/manage_hub/install/manage_hub/share/manage_hub/package.ps1'
[6.705s] INFO:colcon.colcon_core.shell:Creating package descriptor '/home/hyeongyeon/manage_hub/install/manage_hub/share/manage_hub/package.dsv'
[6.706s] INFO:colcon.colcon_core.shell:Creating package script '/home/hyeongyeon/manage_hub/install/manage_hub/share/manage_hub/package.sh'
[6.708s] INFO:colcon.colcon_core.shell:Creating package script '/home/hyeongyeon/manage_hub/install/manage_hub/share/manage_hub/package.bash'
[6.710s] INFO:colcon.colcon_core.shell:Creating package script '/home/hyeongyeon/manage_hub/install/manage_hub/share/manage_hub/package.zsh'
[6.712s] Level 1:colcon.colcon_core.environment:create_file_with_runtime_dependencies(/home/hyeongyeon/manage_hub/install/manage_hub/share/colcon-core/packages/manage_hub)
[6.714s] DEBUG:colcon.colcon_parallel_executor.executor.parallel:closing loop
[6.715s] DEBUG:colcon.colcon_parallel_executor.executor.parallel:loop closed
[6.715s] DEBUG:colcon.colcon_parallel_executor.executor.parallel:run_until_complete finished with '0'
[6.715s] DEBUG:colcon.colcon_core.event_reactor:joining thread
[6.740s] INFO:colcon.colcon_core.plugin_system:Skipping extension 'colcon_notification.desktop_notification.terminal_notifier': Not used on non-Darwin systems
[6.741s] INFO:colcon.colcon_core.plugin_system:Skipping extension 'colcon_notification.desktop_notification.win32': Not used on non-Windows systems
[6.741s] INFO:colcon.colcon_notification.desktop_notification:Sending desktop notification using 'notify2'
[6.788s] DEBUG:colcon.colcon_core.event_reactor:joined thread
[6.789s] INFO:colcon.colcon_core.shell:Creating prefix script '/home/hyeongyeon/manage_hub/install/local_setup.ps1'
[6.793s] INFO:colcon.colcon_core.shell:Creating prefix util module '/home/hyeongyeon/manage_hub/install/_local_setup_util_ps1.py'
[6.799s] INFO:colcon.colcon_core.shell:Creating prefix chain script '/home/hyeongyeon/manage_hub/install/setup.ps1'
[6.811s] INFO:colcon.colcon_core.shell:Creating prefix script '/home/hyeongyeon/manage_hub/install/local_setup.sh'
[6.814s] INFO:colcon.colcon_core.shell:Creating prefix util module '/home/hyeongyeon/manage_hub/install/_local_setup_util_sh.py'
[6.815s] INFO:colcon.colcon_core.shell:Creating prefix chain script '/home/hyeongyeon/manage_hub/install/setup.sh'
[6.827s] INFO:colcon.colcon_core.shell:Creating prefix script '/home/hyeongyeon/manage_hub/install/local_setup.bash'
[6.831s] INFO:colcon.colcon_core.shell:Creating prefix chain script '/home/hyeongyeon/manage_hub/install/setup.bash'
[6.842s] INFO:colcon.colcon_core.shell:Creating prefix script '/home/hyeongyeon/manage_hub/install/local_setup.zsh'
[6.844s] INFO:colcon.colcon_core.shell:Creating prefix chain script '/home/hyeongyeon/manage_hub/install/setup.zsh'
