/home/hyeongyeon/manage_hub/install/manage_hub/lib/python3.10/site-packages/manage_hub/__init__.py
/home/hyeongyeon/manage_hub/install/manage_hub/lib/python3.10/site-packages/manage_hub/nodes/unload_node.py
/home/hyeongyeon/manage_hub/install/manage_hub/lib/python3.10/site-packages/manage_hub/nodes/input_hub_node.py
/home/hyeongyeon/manage_hub/install/manage_hub/lib/python3.10/site-packages/manage_hub/nodes/__init__.py
/home/hyeongyeon/manage_hub/install/manage_hub/lib/python3.10/site-packages/manage_hub/core/hub_base.py
/home/hyeongyeon/manage_hub/install/manage_hub/lib/python3.10/site-packages/manage_hub/core/unload_hub.py
/home/hyeongyeon/manage_hub/install/manage_hub/lib/python3.10/site-packages/manage_hub/core/gripper.py
/home/hyeongyeon/manage_hub/install/manage_hub/lib/python3.10/site-packages/manage_hub/core/__init__.py
/home/hyeongyeon/manage_hub/install/manage_hub/lib/python3.10/site-packages/manage_hub/utils/robot_utils.py
/home/hyeongyeon/manage_hub/install/manage_hub/lib/python3.10/site-packages/manage_hub/utils/motion_utils.py
/home/hyeongyeon/manage_hub/install/manage_hub/lib/python3.10/site-packages/manage_hub/utils/__init__.py
/home/hyeongyeon/manage_hub/install/manage_hub/lib/python3.10/site-packages/manage_hub/config/constants.py
/home/hyeongyeon/manage_hub/install/manage_hub/lib/python3.10/site-packages/manage_hub/config/robot_config.py
/home/hyeongyeon/manage_hub/install/manage_hub/lib/python3.10/site-packages/manage_hub/config/__init__.py
/home/hyeongyeon/manage_hub/install/manage_hub/lib/python3.10/site-packages/manage_hub/__pycache__/__init__.cpython-310.pyc
/home/hyeongyeon/manage_hub/install/manage_hub/lib/python3.10/site-packages/manage_hub/nodes/__pycache__/unload_node.cpython-310.pyc
/home/hyeongyeon/manage_hub/install/manage_hub/lib/python3.10/site-packages/manage_hub/nodes/__pycache__/input_hub_node.cpython-310.pyc
/home/hyeongyeon/manage_hub/install/manage_hub/lib/python3.10/site-packages/manage_hub/nodes/__pycache__/__init__.cpython-310.pyc
/home/hyeongyeon/manage_hub/install/manage_hub/lib/python3.10/site-packages/manage_hub/core/__pycache__/hub_base.cpython-310.pyc
/home/hyeongyeon/manage_hub/install/manage_hub/lib/python3.10/site-packages/manage_hub/core/__pycache__/unload_hub.cpython-310.pyc
/home/hyeongyeon/manage_hub/install/manage_hub/lib/python3.10/site-packages/manage_hub/core/__pycache__/gripper.cpython-310.pyc
/home/hyeongyeon/manage_hub/install/manage_hub/lib/python3.10/site-packages/manage_hub/core/__pycache__/__init__.cpython-310.pyc
/home/hyeongyeon/manage_hub/install/manage_hub/lib/python3.10/site-packages/manage_hub/utils/__pycache__/robot_utils.cpython-310.pyc
/home/hyeongyeon/manage_hub/install/manage_hub/lib/python3.10/site-packages/manage_hub/utils/__pycache__/motion_utils.cpython-310.pyc
/home/hyeongyeon/manage_hub/install/manage_hub/lib/python3.10/site-packages/manage_hub/utils/__pycache__/__init__.cpython-310.pyc
/home/hyeongyeon/manage_hub/install/manage_hub/lib/python3.10/site-packages/manage_hub/config/__pycache__/constants.cpython-310.pyc
/home/hyeongyeon/manage_hub/install/manage_hub/lib/python3.10/site-packages/manage_hub/config/__pycache__/robot_config.cpython-310.pyc
/home/hyeongyeon/manage_hub/install/manage_hub/lib/python3.10/site-packages/manage_hub/config/__pycache__/__init__.cpython-310.pyc
/home/hyeongyeon/manage_hub/install/manage_hub/share/ament_index/resource_index/packages/manage_hub
/home/hyeongyeon/manage_hub/install/manage_hub/share/manage_hub/package.xml
/home/hyeongyeon/manage_hub/install/manage_hub/share/manage_hub
/home/hyeongyeon/manage_hub/install/manage_hub/lib/python3.10/site-packages/manage_hub-0.0.1-py3.10.egg-info/zip-safe
/home/hyeongyeon/manage_hub/install/manage_hub/lib/python3.10/site-packages/manage_hub-0.0.1-py3.10.egg-info/requires.txt
/home/hyeongyeon/manage_hub/install/manage_hub/lib/python3.10/site-packages/manage_hub-0.0.1-py3.10.egg-info/PKG-INFO
/home/hyeongyeon/manage_hub/install/manage_hub/lib/python3.10/site-packages/manage_hub-0.0.1-py3.10.egg-info/top_level.txt
/home/hyeongyeon/manage_hub/install/manage_hub/lib/python3.10/site-packages/manage_hub-0.0.1-py3.10.egg-info/dependency_links.txt
/home/hyeongyeon/manage_hub/install/manage_hub/lib/python3.10/site-packages/manage_hub-0.0.1-py3.10.egg-info/entry_points.txt
/home/hyeongyeon/manage_hub/install/manage_hub/lib/python3.10/site-packages/manage_hub-0.0.1-py3.10.egg-info/SOURCES.txt
/home/hyeongyeon/manage_hub/install/manage_hub/lib/manage_hub/hub_node
/home/hyeongyeon/manage_hub/install/manage_hub/lib/manage_hub/unload_node
