[1.379s] Invoking command in '/home/hyeongyeon/manage_hub': PYTHONPATH=/home/hyeongyeon/manage_hub/build/manage_hub/prefix_override:/usr/lib/python3/dist-packages/colcon_core/task/python/colcon_distutils_commands:/home/hyeongyeon/manage_hub/install/manage_hub/lib/python3.10/site-packages:${PYTHONPATH} /usr/bin/python3 -W ignore:setup.py install is deprecated -W ignore:easy_install command is deprecated setup.py egg_info --egg-base build/manage_hub build --build-base /home/hyeongyeon/manage_hub/build/manage_hub/build install --record /home/hyeongyeon/manage_hub/build/manage_hub/install.log --single-version-externally-managed install_data
[1.965s] running egg_info
[1.966s] writing build/manage_hub/manage_hub.egg-info/PKG-INFO
[1.968s] writing dependency_links to build/manage_hub/manage_hub.egg-info/dependency_links.txt
[1.968s] writing entry points to build/manage_hub/manage_hub.egg-info/entry_points.txt
[1.968s] writing requirements to build/manage_hub/manage_hub.egg-info/requires.txt
[1.968s] writing top-level names to build/manage_hub/manage_hub.egg-info/top_level.txt
[1.972s] reading manifest file 'build/manage_hub/manage_hub.egg-info/SOURCES.txt'
[1.973s] writing manifest file 'build/manage_hub/manage_hub.egg-info/SOURCES.txt'
[1.974s] running build
[1.974s] running build_py
[1.977s] running install
[1.978s] running install_lib
[1.982s] running install_data
[1.982s] running install_egg_info
[1.986s] removing '/home/hyeongyeon/manage_hub/install/manage_hub/lib/python3.10/site-packages/manage_hub-0.0.1-py3.10.egg-info' (and everything under it)
[1.987s] Copying build/manage_hub/manage_hub.egg-info to /home/hyeongyeon/manage_hub/install/manage_hub/lib/python3.10/site-packages/manage_hub-0.0.1-py3.10.egg-info
[1.987s] running install_scripts
[2.031s] Installing hub_node script to /home/hyeongyeon/manage_hub/install/manage_hub/lib/manage_hub
[2.033s] Installing unload_node script to /home/hyeongyeon/manage_hub/install/manage_hub/lib/manage_hub
[2.033s] writing list of installed files to '/home/hyeongyeon/manage_hub/build/manage_hub/install.log'
[2.066s] Invoked command in '/home/hyeongyeon/manage_hub' returned '0': PYTHONPATH=/home/hyeongyeon/manage_hub/build/manage_hub/prefix_override:/usr/lib/python3/dist-packages/colcon_core/task/python/colcon_distutils_commands:/home/hyeongyeon/manage_hub/install/manage_hub/lib/python3.10/site-packages:${PYTHONPATH} /usr/bin/python3 -W ignore:setup.py install is deprecated -W ignore:easy_install command is deprecated setup.py egg_info --egg-base build/manage_hub build --build-base /home/hyeongyeon/manage_hub/build/manage_hub/build install --record /home/hyeongyeon/manage_hub/build/manage_hub/install.log --single-version-externally-managed install_data
