[0.711s] Invoking command in '/home/hyeongyeon/manage_hub': PYTHONPATH=/home/hyeongyeon/manage_hub/build/manage_hub/prefix_override:/usr/lib/python3/dist-packages/colcon_core/task/python/colcon_distutils_commands:/home/hyeongyeon/manage_hub/install/manage_hub/lib/python3.10/site-packages:${PYTHONPATH} /usr/bin/python3 -W ignore:setup.py install is deprecated -W ignore:easy_install command is deprecated setup.py egg_info --egg-base build/manage_hub build --build-base /home/hyeongyeon/manage_hub/build/manage_hub/build install --record /home/hyeongyeon/manage_hub/build/manage_hub/install.log --single-version-externally-managed install_data
[0.997s] running egg_info
[0.998s] writing build/manage_hub/manage_hub.egg-info/PKG-INFO
[0.998s] writing dependency_links to build/manage_hub/manage_hub.egg-info/dependency_links.txt
[0.998s] writing entry points to build/manage_hub/manage_hub.egg-info/entry_points.txt
[0.998s] writing requirements to build/manage_hub/manage_hub.egg-info/requires.txt
[0.998s] writing top-level names to build/manage_hub/manage_hub.egg-info/top_level.txt
[1.001s] reading manifest file 'build/manage_hub/manage_hub.egg-info/SOURCES.txt'
[1.002s] writing manifest file 'build/manage_hub/manage_hub.egg-info/SOURCES.txt'
[1.002s] running build
[1.002s] running build_py
[1.003s] copying manage_hub/core/hub_base.py -> /home/hyeongyeon/manage_hub/build/manage_hub/build/lib/manage_hub/core
[1.004s] running install
[1.004s] running install_lib
[1.005s] copying /home/hyeongyeon/manage_hub/build/manage_hub/build/lib/manage_hub/core/hub_base.py -> /home/hyeongyeon/manage_hub/install/manage_hub/lib/python3.10/site-packages/manage_hub/core
[1.007s] byte-compiling /home/hyeongyeon/manage_hub/install/manage_hub/lib/python3.10/site-packages/manage_hub/core/hub_base.py to hub_base.cpython-310.pyc
[1.009s] running install_data
[1.009s] running install_egg_info
[1.011s] removing '/home/hyeongyeon/manage_hub/install/manage_hub/lib/python3.10/site-packages/manage_hub-0.0.1-py3.10.egg-info' (and everything under it)
[1.011s] Copying build/manage_hub/manage_hub.egg-info to /home/hyeongyeon/manage_hub/install/manage_hub/lib/python3.10/site-packages/manage_hub-0.0.1-py3.10.egg-info
[1.012s] running install_scripts
[1.035s] Installing hub_node script to /home/hyeongyeon/manage_hub/install/manage_hub/lib/manage_hub
[1.035s] Installing unload_node script to /home/hyeongyeon/manage_hub/install/manage_hub/lib/manage_hub
[1.036s] writing list of installed files to '/home/hyeongyeon/manage_hub/build/manage_hub/install.log'
[1.056s] Invoked command in '/home/hyeongyeon/manage_hub' returned '0': PYTHONPATH=/home/hyeongyeon/manage_hub/build/manage_hub/prefix_override:/usr/lib/python3/dist-packages/colcon_core/task/python/colcon_distutils_commands:/home/hyeongyeon/manage_hub/install/manage_hub/lib/python3.10/site-packages:${PYTHONPATH} /usr/bin/python3 -W ignore:setup.py install is deprecated -W ignore:easy_install command is deprecated setup.py egg_info --egg-base build/manage_hub build --build-base /home/hyeongyeon/manage_hub/build/manage_hub/build install --record /home/hyeongyeon/manage_hub/build/manage_hub/install.log --single-version-externally-managed install_data
