running egg_info
creating build/manage_hub/manage_hub.egg-info
writing build/manage_hub/manage_hub.egg-info/PKG-INFO
writing dependency_links to build/manage_hub/manage_hub.egg-info/dependency_links.txt
writing entry points to build/manage_hub/manage_hub.egg-info/entry_points.txt
writing requirements to build/manage_hub/manage_hub.egg-info/requires.txt
writing top-level names to build/manage_hub/manage_hub.egg-info/top_level.txt
writing manifest file 'build/manage_hub/manage_hub.egg-info/SOURCES.txt'
reading manifest file 'build/manage_hub/manage_hub.egg-info/SOURCES.txt'
writing manifest file 'build/manage_hub/manage_hub.egg-info/SOURCES.txt'
running build
running build_py
creating /home/hyeongyeon/manage_hub/build/manage_hub/build
creating /home/hyeongyeon/manage_hub/build/manage_hub/build/lib
creating /home/hyeongyeon/manage_hub/build/manage_hub/build/lib/manage_hub
creating /home/hyeongyeon/manage_hub/build/manage_hub/build/lib/manage_hub/nodes
copying manage_hub/nodes/unload_node.py -> /home/hyeongyeon/manage_hub/build/manage_hub/build/lib/manage_hub/nodes
copying manage_hub/nodes/input_hub_node.py -> /home/hyeongyeon/manage_hub/build/manage_hub/build/lib/manage_hub/nodes
copying manage_hub/nodes/__init__.py -> /home/hyeongyeon/manage_hub/build/manage_hub/build/lib/manage_hub/nodes
creating /home/hyeongyeon/manage_hub/build/manage_hub/build/lib/manage_hub/core
copying manage_hub/core/hub_base.py -> /home/hyeongyeon/manage_hub/build/manage_hub/build/lib/manage_hub/core
copying manage_hub/core/unload_hub.py -> /home/hyeongyeon/manage_hub/build/manage_hub/build/lib/manage_hub/core
copying manage_hub/core/gripper.py -> /home/hyeongyeon/manage_hub/build/manage_hub/build/lib/manage_hub/core
copying manage_hub/core/__init__.py -> /home/hyeongyeon/manage_hub/build/manage_hub/build/lib/manage_hub/core
creating /home/hyeongyeon/manage_hub/build/manage_hub/build/lib/manage_hub/utils
copying manage_hub/utils/robot_utils.py -> /home/hyeongyeon/manage_hub/build/manage_hub/build/lib/manage_hub/utils
copying manage_hub/utils/motion_utils.py -> /home/hyeongyeon/manage_hub/build/manage_hub/build/lib/manage_hub/utils
copying manage_hub/utils/__init__.py -> /home/hyeongyeon/manage_hub/build/manage_hub/build/lib/manage_hub/utils
creating /home/hyeongyeon/manage_hub/build/manage_hub/build/lib/manage_hub/config
copying manage_hub/config/constants.py -> /home/hyeongyeon/manage_hub/build/manage_hub/build/lib/manage_hub/config
copying manage_hub/config/robot_config.py -> /home/hyeongyeon/manage_hub/build/manage_hub/build/lib/manage_hub/config
copying manage_hub/config/__init__.py -> /home/hyeongyeon/manage_hub/build/manage_hub/build/lib/manage_hub/config
running install
running install_lib
creating /home/hyeongyeon/manage_hub/install/manage_hub/lib/python3.10/site-packages/manage_hub
creating /home/hyeongyeon/manage_hub/install/manage_hub/lib/python3.10/site-packages/manage_hub/nodes
copying /home/hyeongyeon/manage_hub/build/manage_hub/build/lib/manage_hub/nodes/unload_node.py -> /home/hyeongyeon/manage_hub/install/manage_hub/lib/python3.10/site-packages/manage_hub/nodes
copying /home/hyeongyeon/manage_hub/build/manage_hub/build/lib/manage_hub/nodes/input_hub_node.py -> /home/hyeongyeon/manage_hub/install/manage_hub/lib/python3.10/site-packages/manage_hub/nodes
copying /home/hyeongyeon/manage_hub/build/manage_hub/build/lib/manage_hub/nodes/__init__.py -> /home/hyeongyeon/manage_hub/install/manage_hub/lib/python3.10/site-packages/manage_hub/nodes
creating /home/hyeongyeon/manage_hub/install/manage_hub/lib/python3.10/site-packages/manage_hub/core
copying /home/hyeongyeon/manage_hub/build/manage_hub/build/lib/manage_hub/core/hub_base.py -> /home/hyeongyeon/manage_hub/install/manage_hub/lib/python3.10/site-packages/manage_hub/core
copying /home/hyeongyeon/manage_hub/build/manage_hub/build/lib/manage_hub/core/unload_hub.py -> /home/hyeongyeon/manage_hub/install/manage_hub/lib/python3.10/site-packages/manage_hub/core
copying /home/hyeongyeon/manage_hub/build/manage_hub/build/lib/manage_hub/core/gripper.py -> /home/hyeongyeon/manage_hub/install/manage_hub/lib/python3.10/site-packages/manage_hub/core
copying /home/hyeongyeon/manage_hub/build/manage_hub/build/lib/manage_hub/core/__init__.py -> /home/hyeongyeon/manage_hub/install/manage_hub/lib/python3.10/site-packages/manage_hub/core
creating /home/hyeongyeon/manage_hub/install/manage_hub/lib/python3.10/site-packages/manage_hub/config
copying /home/hyeongyeon/manage_hub/build/manage_hub/build/lib/manage_hub/config/constants.py -> /home/hyeongyeon/manage_hub/install/manage_hub/lib/python3.10/site-packages/manage_hub/config
copying /home/hyeongyeon/manage_hub/build/manage_hub/build/lib/manage_hub/config/robot_config.py -> /home/hyeongyeon/manage_hub/install/manage_hub/lib/python3.10/site-packages/manage_hub/config
copying /home/hyeongyeon/manage_hub/build/manage_hub/build/lib/manage_hub/config/__init__.py -> /home/hyeongyeon/manage_hub/install/manage_hub/lib/python3.10/site-packages/manage_hub/config
creating /home/hyeongyeon/manage_hub/install/manage_hub/lib/python3.10/site-packages/manage_hub/utils
copying /home/hyeongyeon/manage_hub/build/manage_hub/build/lib/manage_hub/utils/robot_utils.py -> /home/hyeongyeon/manage_hub/install/manage_hub/lib/python3.10/site-packages/manage_hub/utils
copying /home/hyeongyeon/manage_hub/build/manage_hub/build/lib/manage_hub/utils/motion_utils.py -> /home/hyeongyeon/manage_hub/install/manage_hub/lib/python3.10/site-packages/manage_hub/utils
copying /home/hyeongyeon/manage_hub/build/manage_hub/build/lib/manage_hub/utils/__init__.py -> /home/hyeongyeon/manage_hub/install/manage_hub/lib/python3.10/site-packages/manage_hub/utils
byte-compiling /home/hyeongyeon/manage_hub/install/manage_hub/lib/python3.10/site-packages/manage_hub/nodes/unload_node.py to unload_node.cpython-310.pyc
byte-compiling /home/hyeongyeon/manage_hub/install/manage_hub/lib/python3.10/site-packages/manage_hub/nodes/input_hub_node.py to input_hub_node.cpython-310.pyc
byte-compiling /home/hyeongyeon/manage_hub/install/manage_hub/lib/python3.10/site-packages/manage_hub/nodes/__init__.py to __init__.cpython-310.pyc
byte-compiling /home/hyeongyeon/manage_hub/install/manage_hub/lib/python3.10/site-packages/manage_hub/core/hub_base.py to hub_base.cpython-310.pyc
byte-compiling /home/hyeongyeon/manage_hub/install/manage_hub/lib/python3.10/site-packages/manage_hub/core/unload_hub.py to unload_hub.cpython-310.pyc
byte-compiling /home/hyeongyeon/manage_hub/install/manage_hub/lib/python3.10/site-packages/manage_hub/core/gripper.py to gripper.cpython-310.pyc
byte-compiling /home/hyeongyeon/manage_hub/install/manage_hub/lib/python3.10/site-packages/manage_hub/core/__init__.py to __init__.cpython-310.pyc
byte-compiling /home/hyeongyeon/manage_hub/install/manage_hub/lib/python3.10/site-packages/manage_hub/config/constants.py to constants.cpython-310.pyc
byte-compiling /home/hyeongyeon/manage_hub/install/manage_hub/lib/python3.10/site-packages/manage_hub/config/robot_config.py to robot_config.cpython-310.pyc
byte-compiling /home/hyeongyeon/manage_hub/install/manage_hub/lib/python3.10/site-packages/manage_hub/config/__init__.py to __init__.cpython-310.pyc
byte-compiling /home/hyeongyeon/manage_hub/install/manage_hub/lib/python3.10/site-packages/manage_hub/utils/robot_utils.py to robot_utils.cpython-310.pyc
byte-compiling /home/hyeongyeon/manage_hub/install/manage_hub/lib/python3.10/site-packages/manage_hub/utils/motion_utils.py to motion_utils.cpython-310.pyc
byte-compiling /home/hyeongyeon/manage_hub/install/manage_hub/lib/python3.10/site-packages/manage_hub/utils/__init__.py to __init__.cpython-310.pyc
running install_data
creating /home/hyeongyeon/manage_hub/install/manage_hub/share/ament_index
creating /home/hyeongyeon/manage_hub/install/manage_hub/share/ament_index/resource_index
creating /home/hyeongyeon/manage_hub/install/manage_hub/share/ament_index/resource_index/packages
