[1.642s] Invoking command in '/home/hyeongyeon/manage_hub': PYTHONPATH=/home/hyeongyeon/manage_hub/build/manage_hub/prefix_override:/usr/lib/python3/dist-packages/colcon_core/task/python/colcon_distutils_commands:/home/hyeongyeon/manage_hub/install/manage_hub/lib/python3.10/site-packages:${PYTHONPATH} /usr/bin/python3 -W ignore:setup.py install is deprecated -W ignore:easy_install command is deprecated setup.py egg_info --egg-base build/manage_hub build --build-base /home/hyeongyeon/manage_hub/build/manage_hub/build install --record /home/hyeongyeon/manage_hub/build/manage_hub/install.log --single-version-externally-managed install_data
[2.305s] running egg_info
[2.307s] writing build/manage_hub/manage_hub.egg-info/PKG-INFO
[2.307s] writing dependency_links to build/manage_hub/manage_hub.egg-info/dependency_links.txt
[2.307s] writing entry points to build/manage_hub/manage_hub.egg-info/entry_points.txt
[2.307s] writing requirements to build/manage_hub/manage_hub.egg-info/requires.txt
[2.307s] writing top-level names to build/manage_hub/manage_hub.egg-info/top_level.txt
[2.312s] reading manifest file 'build/manage_hub/manage_hub.egg-info/SOURCES.txt'
[2.314s] writing manifest file 'build/manage_hub/manage_hub.egg-info/SOURCES.txt'
[2.314s] running build
[2.315s] running build_py
[2.315s] copying manage_hub/config/constants.py -> /home/hyeongyeon/manage_hub/build/manage_hub/build/lib/manage_hub/config
[2.316s] running install
[2.317s] running install_lib
[2.319s] copying /home/hyeongyeon/manage_hub/build/manage_hub/build/lib/manage_hub/config/constants.py -> /home/hyeongyeon/manage_hub/install/manage_hub/lib/python3.10/site-packages/manage_hub/config
[2.321s] byte-compiling /home/hyeongyeon/manage_hub/install/manage_hub/lib/python3.10/site-packages/manage_hub/config/constants.py to constants.cpython-310.pyc
[2.323s] running install_data
[2.323s] running install_egg_info
[2.327s] removing '/home/hyeongyeon/manage_hub/install/manage_hub/lib/python3.10/site-packages/manage_hub-0.0.1-py3.10.egg-info' (and everything under it)
[2.327s] Copying build/manage_hub/manage_hub.egg-info to /home/hyeongyeon/manage_hub/install/manage_hub/lib/python3.10/site-packages/manage_hub-0.0.1-py3.10.egg-info
[2.328s] running install_scripts
[2.377s] Installing hub_node script to /home/hyeongyeon/manage_hub/install/manage_hub/lib/manage_hub
[2.377s] Installing unload_node script to /home/hyeongyeon/manage_hub/install/manage_hub/lib/manage_hub
[2.378s] writing list of installed files to '/home/hyeongyeon/manage_hub/build/manage_hub/install.log'
[2.416s] Invoked command in '/home/hyeongyeon/manage_hub' returned '0': PYTHONPATH=/home/hyeongyeon/manage_hub/build/manage_hub/prefix_override:/usr/lib/python3/dist-packages/colcon_core/task/python/colcon_distutils_commands:/home/hyeongyeon/manage_hub/install/manage_hub/lib/python3.10/site-packages:${PYTHONPATH} /usr/bin/python3 -W ignore:setup.py install is deprecated -W ignore:easy_install command is deprecated setup.py egg_info --egg-base build/manage_hub build --build-base /home/hyeongyeon/manage_hub/build/manage_hub/build install --record /home/hyeongyeon/manage_hub/build/manage_hub/install.log --single-version-externally-managed install_data
